  main.cpp
C:\Projects\C++\ItStep\HomeWork\07.HomeWorkSeven\07.HomeWorkSeven\main.cpp(25): warning C4244: аргумент: преобразование "time_t" в "unsigned int", возможна потеря данных
C:\Projects\C++\ItStep\HomeWork\07.HomeWorkSeven\07.HomeWorkSeven\main.cpp(91): warning C4018: >: несоответствие типов со знаком и без знака
C:\Projects\C++\ItStep\HomeWork\07.HomeWorkSeven\07.HomeWorkSeven\main.cpp(150): warning C4018: >: несоответствие типов со знаком и без знака
C:\Projects\C++\ItStep\HomeWork\07.HomeWorkSeven\07.HomeWorkSeven\main.cpp(285): warning C4309: static_cast: усечение константного значения
C:\Projects\C++\ItStep\HomeWork\07.HomeWorkSeven\07.HomeWorkSeven\main.cpp(287): warning C4309: static_cast: усечение константного значения
C:\Projects\C++\ItStep\HomeWork\07.HomeWorkSeven\07.HomeWorkSeven\main.cpp(288): warning C4309: static_cast: усечение константного значения
C:\Projects\C++\ItStep\HomeWork\07.HomeWorkSeven\07.HomeWorkSeven\main.cpp(290): warning C4309: static_cast: усечение константного значения
C:\Projects\C++\ItStep\HomeWork\07.HomeWorkSeven\07.HomeWorkSeven\main.cpp(292): warning C4309: static_cast: усечение константного значения
C:\Projects\C++\ItStep\HomeWork\07.HomeWorkSeven\07.HomeWorkSeven\main.cpp(293): warning C4309: static_cast: усечение константного значения
C:\Projects\C++\ItStep\HomeWork\07.HomeWorkSeven\07.HomeWorkSeven\main.cpp(295): warning C4309: static_cast: усечение константного значения
C:\Projects\C++\ItStep\HomeWork\07.HomeWorkSeven\07.HomeWorkSeven\main.cpp(297): warning C4309: static_cast: усечение константного значения
C:\Projects\C++\ItStep\HomeWork\07.HomeWorkSeven\07.HomeWorkSeven\main.cpp(298): warning C4309: static_cast: усечение константного значения
C:\Projects\C++\ItStep\HomeWork\07.HomeWorkSeven\07.HomeWorkSeven\main.cpp(299): warning C4309: static_cast: усечение константного значения
C:\Projects\C++\ItStep\HomeWork\07.HomeWorkSeven\07.HomeWorkSeven\main.cpp(301): warning C4309: static_cast: усечение константного значения
C:\Projects\C++\ItStep\HomeWork\07.HomeWorkSeven\07.HomeWorkSeven\main.cpp(303): warning C4309: static_cast: усечение константного значения
C:\Projects\C++\ItStep\HomeWork\07.HomeWorkSeven\07.HomeWorkSeven\main.cpp(305): warning C4309: static_cast: усечение константного значения
C:\Projects\C++\ItStep\HomeWork\07.HomeWorkSeven\07.HomeWorkSeven\main.cpp(306): warning C4309: static_cast: усечение константного значения
C:\Projects\C++\ItStep\HomeWork\07.HomeWorkSeven\07.HomeWorkSeven\main.cpp(307): warning C4309: static_cast: усечение константного значения
C:\Projects\C++\ItStep\HomeWork\07.HomeWorkSeven\07.HomeWorkSeven\main.cpp(309): warning C4309: static_cast: усечение константного значения
C:\Projects\C++\ItStep\HomeWork\07.HomeWorkSeven\07.HomeWorkSeven\main.cpp(311): warning C4309: static_cast: усечение константного значения
C:\Projects\C++\ItStep\HomeWork\07.HomeWorkSeven\07.HomeWorkSeven\main.cpp(313): warning C4309: static_cast: усечение константного значения
C:\Projects\C++\ItStep\HomeWork\07.HomeWorkSeven\07.HomeWorkSeven\main.cpp(314): warning C4309: static_cast: усечение константного значения
C:\Projects\C++\ItStep\HomeWork\07.HomeWorkSeven\07.HomeWorkSeven\main.cpp(315): warning C4309: static_cast: усечение константного значения
C:\Projects\C++\ItStep\HomeWork\07.HomeWorkSeven\07.HomeWorkSeven\main.cpp(317): warning C4309: static_cast: усечение константного значения
C:\Projects\C++\ItStep\HomeWork\07.HomeWorkSeven\07.HomeWorkSeven\main.cpp(319): warning C4309: static_cast: усечение константного значения
C:\Projects\C++\ItStep\HomeWork\07.HomeWorkSeven\07.HomeWorkSeven\main.cpp(321): warning C4309: static_cast: усечение константного значения
C:\Projects\C++\ItStep\HomeWork\07.HomeWorkSeven\07.HomeWorkSeven\main.cpp(322): warning C4309: static_cast: усечение константного значения
C:\Projects\C++\ItStep\HomeWork\07.HomeWorkSeven\07.HomeWorkSeven\main.cpp(323): warning C4309: static_cast: усечение константного значения
C:\Projects\C++\ItStep\HomeWork\07.HomeWorkSeven\07.HomeWorkSeven\main.cpp(325): warning C4309: static_cast: усечение константного значения
C:\Projects\C++\ItStep\HomeWork\07.HomeWorkSeven\07.HomeWorkSeven\main.cpp(327): warning C4309: static_cast: усечение константного значения
C:\Projects\C++\ItStep\HomeWork\07.HomeWorkSeven\07.HomeWorkSeven\main.cpp(329): warning C4309: static_cast: усечение константного значения
C:\Projects\C++\ItStep\HomeWork\07.HomeWorkSeven\07.HomeWorkSeven\main.cpp(330): warning C4309: static_cast: усечение константного значения
C:\Projects\C++\ItStep\HomeWork\07.HomeWorkSeven\07.HomeWorkSeven\main.cpp(331): warning C4309: static_cast: усечение константного значения
C:\Projects\C++\ItStep\HomeWork\07.HomeWorkSeven\07.HomeWorkSeven\main.cpp(333): warning C4309: static_cast: усечение константного значения
C:\Projects\C++\ItStep\HomeWork\07.HomeWorkSeven\07.HomeWorkSeven\main.cpp(335): warning C4309: static_cast: усечение константного значения
C:\Projects\C++\ItStep\HomeWork\07.HomeWorkSeven\07.HomeWorkSeven\main.cpp(337): warning C4309: static_cast: усечение константного значения
C:\Projects\C++\ItStep\HomeWork\07.HomeWorkSeven\07.HomeWorkSeven\main.cpp(338): warning C4309: static_cast: усечение константного значения
C:\Projects\C++\ItStep\HomeWork\07.HomeWorkSeven\07.HomeWorkSeven\main.cpp(339): warning C4309: static_cast: усечение константного значения
C:\Projects\C++\ItStep\HomeWork\07.HomeWorkSeven\07.HomeWorkSeven\main.cpp(341): warning C4309: static_cast: усечение константного значения
C:\Projects\C++\ItStep\HomeWork\07.HomeWorkSeven\07.HomeWorkSeven\main.cpp(343): warning C4309: static_cast: усечение константного значения
C:\Projects\C++\ItStep\HomeWork\07.HomeWorkSeven\07.HomeWorkSeven\main.cpp(345): warning C4309: static_cast: усечение константного значения
C:\Projects\C++\ItStep\HomeWork\07.HomeWorkSeven\07.HomeWorkSeven\main.cpp(346): warning C4309: static_cast: усечение константного значения
C:\Projects\C++\ItStep\HomeWork\07.HomeWorkSeven\07.HomeWorkSeven\main.cpp(281): warning C4715: rem_elem_index<int>: значение возвращается не при всех путях выполнения
  07.HomeWorkSeven.vcxproj -> C:\Projects\C++\ItStep\HomeWork\07.HomeWorkSeven\Debug\07.HomeWorkSeven.exe
